Added Component: Designator=JP1(KF128-5.08-10P)
Add component. Clean all parameters for all variants
Add component (AddParameter): Name = "BOM名称"; Value = "10P接插件"; VariantName = "[No Variations]"
Add component (AddParameter): Name = "学习资源"; Value = "www.ooocke.com"; VariantName = "[No Variations]"
Add component (AddParameter): Name = "版权归属"; Value = "源创客"; VariantName = "[No Variations]"
Added Component: Designator=M0(FK407M3模块)
Add component. Clean all parameters for all variants
Added Component: Designator=P1(HDR1X8)
Add component. Clean all parameters for all variants
Add component (AddParameter): Name = "LatestRevisionDate"; Value = "17-Jul-2002"; VariantName = "[No Variations]"
Add component (AddParameter): Name = "LatestRevisionNote"; Value = "Re-released for DXP Platform."; VariantName = "[No Variations]"
Add component (AddParameter): Name = "Publisher"; Value = "Altium Limited"; VariantName = "[No Variations]"
Added Component: Designator=P2(HDR1X12)
Add component. Clean all parameters for all variants
Add component (AddParameter): Name = "LatestRevisionDate"; Value = "17-Jul-2002"; VariantName = "[No Variations]"
Add component (AddParameter): Name = "LatestRevisionNote"; Value = "Re-released for DXP Platform."; VariantName = "[No Variations]"
Add component (AddParameter): Name = "Publisher"; Value = "Altium Limited"; VariantName = "[No Variations]"
Added Component: Designator=P3(HDR1X3)
Add component. Clean all parameters for all variants
Add component (AddParameter): Name = "LatestRevisionDate"; Value = "17-Jul-2002"; VariantName = "[No Variations]"
Add component (AddParameter): Name = "LatestRevisionNote"; Value = "Re-released for DXP Platform."; VariantName = "[No Variations]"
Add component (AddParameter): Name = "Publisher"; Value = "Altium Limited"; VariantName = "[No Variations]"
Added Component: Designator=P4(HDR1X4)
Add component. Clean all parameters for all variants
Add component (AddParameter): Name = "LatestRevisionDate"; Value = "17-Jul-2002"; VariantName = "[No Variations]"
Add component (AddParameter): Name = "LatestRevisionNote"; Value = "Re-released for DXP Platform."; VariantName = "[No Variations]"
Add component (AddParameter): Name = "Publisher"; Value = "Altium Limited"; VariantName = "[No Variations]"
Added Component: Designator=P5(HDR1X4)
Add component. Clean all parameters for all variants
Add component (AddParameter): Name = "LatestRevisionDate"; Value = "17-Jul-2002"; VariantName = "[No Variations]"
Add component (AddParameter): Name = "LatestRevisionNote"; Value = "Re-released for DXP Platform."; VariantName = "[No Variations]"
Add component (AddParameter): Name = "Publisher"; Value = "Altium Limited"; VariantName = "[No Variations]"
Added Component: Designator=P6(HDR2X6)
Add component. Clean all parameters for all variants
Add component (AddParameter): Name = "LatestRevisionDate"; Value = "17-Jul-2002"; VariantName = "[No Variations]"
Add component (AddParameter): Name = "LatestRevisionNote"; Value = "Re-released for DXP Platform."; VariantName = "[No Variations]"
Add component (AddParameter): Name = "Publisher"; Value = "Altium Limited"; VariantName = "[No Variations]"
Added Component: Designator=P7(HDR2X6)
Add component. Clean all parameters for all variants
Add component (AddParameter): Name = "LatestRevisionDate"; Value = "17-Jul-2002"; VariantName = "[No Variations]"
Add component (AddParameter): Name = "LatestRevisionNote"; Value = "Re-released for DXP Platform."; VariantName = "[No Variations]"
Add component (AddParameter): Name = "Publisher"; Value = "Altium Limited"; VariantName = "[No Variations]"
Added Component: Designator=P9(HDR1X7)
Add component. Clean all parameters for all variants
Add component (AddParameter): Name = "LatestRevisionDate"; Value = "17-Jul-2002"; VariantName = "[No Variations]"
Add component (AddParameter): Name = "LatestRevisionNote"; Value = "Re-released for DXP Platform."; VariantName = "[No Variations]"
Add component (AddParameter): Name = "Publisher"; Value = "Altium Limited"; VariantName = "[No Variations]"
Added Component: Designator=P10(HDR1X7)
Add component. Clean all parameters for all variants
Add component (AddParameter): Name = "LatestRevisionDate"; Value = "17-Jul-2002"; VariantName = "[No Variations]"
Add component (AddParameter): Name = "LatestRevisionNote"; Value = "Re-released for DXP Platform."; VariantName = "[No Variations]"
Add component (AddParameter): Name = "Publisher"; Value = "Altium Limited"; VariantName = "[No Variations]"
Added Component: Designator=R1(AXIAL-0.3)
Add component. Clean all parameters for all variants
Add component (AddParameter): Name = "LatestRevisionDate"; Value = "17-Jul-2002"; VariantName = "[No Variations]"
Add component (AddParameter): Name = "LatestRevisionNote"; Value = "Re-released for DXP Platform."; VariantName = "[No Variations]"
Add component (AddParameter): Name = "PackageDescription"; Value = "Axial Device, Thru-Hole; 2 Leads; 0.3 in Pin Spacing"; VariantName = "[No Variations]"
Add component (AddParameter): Name = "PackageReference"; Value = "AXIAL-0.3"; VariantName = "[No Variations]"
Add component (AddParameter): Name = "Published"; Value = "8-Jun-2000"; VariantName = "[No Variations]"
Add component (AddParameter): Name = "Publisher"; Value = "Altium Limited"; VariantName = "[No Variations]"
Add component (AddParameter): Name = "Value"; Value = "20K"; VariantName = "[No Variations]"
Added Component: Designator=R2(AXIAL-0.3)
Add component. Clean all parameters for all variants
Add component (AddParameter): Name = "LatestRevisionDate"; Value = "17-Jul-2002"; VariantName = "[No Variations]"
Add component (AddParameter): Name = "LatestRevisionNote"; Value = "Re-released for DXP Platform."; VariantName = "[No Variations]"
Add component (AddParameter): Name = "PackageDescription"; Value = "Axial Device, Thru-Hole; 2 Leads; 0.3 in Pin Spacing"; VariantName = "[No Variations]"
Add component (AddParameter): Name = "PackageReference"; Value = "AXIAL-0.3"; VariantName = "[No Variations]"
Add component (AddParameter): Name = "Published"; Value = "8-Jun-2000"; VariantName = "[No Variations]"
Add component (AddParameter): Name = "Publisher"; Value = "Altium Limited"; VariantName = "[No Variations]"
Add component (AddParameter): Name = "Value"; Value = "5K"; VariantName = "[No Variations]"
Added Component: Designator=R3(AXIAL-0.3)
Add component. Clean all parameters for all variants
Add component (AddParameter): Name = "LatestRevisionDate"; Value = "17-Jul-2002"; VariantName = "[No Variations]"
Add component (AddParameter): Name = "LatestRevisionNote"; Value = "Re-released for DXP Platform."; VariantName = "[No Variations]"
Add component (AddParameter): Name = "PackageDescription"; Value = "Axial Device, Thru-Hole; 2 Leads; 0.3 in Pin Spacing"; VariantName = "[No Variations]"
Add component (AddParameter): Name = "PackageReference"; Value = "AXIAL-0.3"; VariantName = "[No Variations]"
Add component (AddParameter): Name = "Published"; Value = "8-Jun-2000"; VariantName = "[No Variations]"
Add component (AddParameter): Name = "Publisher"; Value = "Altium Limited"; VariantName = "[No Variations]"
Add component (AddParameter): Name = "Value"; Value = "0"; VariantName = "[No Variations]"
Added Pin To Net: NetName=3.3V Pin=M0-3
Added Pin To Net: NetName=3.3V Pin=M0-4
Added Pin To Net: NetName=3.3V Pin=P3-2
Added Pin To Net: NetName=3.3V Pin=P6-7
Added Pin To Net: NetName=3.3V Pin=P6-9
Added Pin To Net: NetName=3.3V Pin=P6-11
Added Pin To Net: NetName=3.3V Pin=P10-7
Added Net: Name=3.3V
Added Pin To Net: NetName=5V Pin=JP1-6
Added Pin To Net: NetName=5V Pin=M0-1
Added Pin To Net: NetName=5V Pin=M0-2
Added Pin To Net: NetName=5V Pin=P2-10
Added Pin To Net: NetName=5V Pin=P4-1
Added Pin To Net: NetName=5V Pin=P5-1
Added Pin To Net: NetName=5V Pin=P6-1
Added Pin To Net: NetName=5V Pin=P6-3
Added Pin To Net: NetName=5V Pin=P6-5
Added Net: Name=5V
Added Pin To Net: NetName=GND Pin=JP1-7
Added Pin To Net: NetName=GND Pin=M0-43
Added Pin To Net: NetName=GND Pin=M0-44
Added Pin To Net: NetName=GND Pin=M0-45
Added Pin To Net: NetName=GND Pin=M0-46
Added Pin To Net: NetName=GND Pin=P2-2
Added Pin To Net: NetName=GND Pin=P2-3
Added Pin To Net: NetName=GND Pin=P2-9
Added Pin To Net: NetName=GND Pin=P3-3
Added Pin To Net: NetName=GND Pin=P4-4
Added Pin To Net: NetName=GND Pin=P5-4
Added Pin To Net: NetName=GND Pin=P6-2
Added Pin To Net: NetName=GND Pin=P6-4
Added Pin To Net: NetName=GND Pin=P6-6
Added Pin To Net: NetName=GND Pin=P6-8
Added Pin To Net: NetName=GND Pin=P6-10
Added Pin To Net: NetName=GND Pin=P6-12
Added Pin To Net: NetName=GND Pin=P9-1
Added Pin To Net: NetName=GND Pin=R2-2
Added Pin To Net: NetName=GND Pin=R3-1
Added Net: Name=GND
Added Pin To Net: NetName=NetJP1_1 Pin=JP1-1
Added Pin To Net: NetName=NetJP1_1 Pin=M0-28
Added Net: Name=NetJP1_1
Added Pin To Net: NetName=NetJP1_2 Pin=JP1-2
Added Pin To Net: NetName=NetJP1_2 Pin=M0-74
Added Net: Name=NetJP1_2
Added Pin To Net: NetName=NetJP1_3 Pin=JP1-3
Added Pin To Net: NetName=NetJP1_3 Pin=M0-71
Added Net: Name=NetJP1_3
Added Pin To Net: NetName=NetJP1_4 Pin=JP1-4
Added Pin To Net: NetName=NetJP1_4 Pin=M0-70
Added Net: Name=NetJP1_4
Added Pin To Net: NetName=NetJP1_5 Pin=JP1-5
Added Pin To Net: NetName=NetJP1_5 Pin=R1-1
Added Net: Name=NetJP1_5
Added Pin To Net: NetName=NetJP1_8 Pin=JP1-8
Added Pin To Net: NetName=NetJP1_8 Pin=R3-2
Added Net: Name=NetJP1_8
Added Pin To Net: NetName=NetJP1_9 Pin=JP1-9
Added Pin To Net: NetName=NetJP1_9 Pin=P2-1
Added Net: Name=NetJP1_9
Added Pin To Net: NetName=NetJP1_10 Pin=JP1-10
Added Pin To Net: NetName=NetJP1_10 Pin=P2-4
Added Net: Name=NetJP1_10
Added Pin To Net: NetName=NetM0_5 Pin=M0-5
Added Pin To Net: NetName=NetM0_5 Pin=P5-2
Added Net: Name=NetM0_5
Added Pin To Net: NetName=NetM0_6 Pin=M0-6
Added Pin To Net: NetName=NetM0_6 Pin=P5-3
Added Net: Name=NetM0_6
Added Pin To Net: NetName=NetM0_7 Pin=M0-7
Added Pin To Net: NetName=NetM0_7 Pin=P7-2
Added Net: Name=NetM0_7
Added Pin To Net: NetName=NetM0_10 Pin=M0-10
Added Pin To Net: NetName=NetM0_10 Pin=P7-4
Added Net: Name=NetM0_10
Added Pin To Net: NetName=NetM0_15 Pin=M0-15
Added Pin To Net: NetName=NetM0_15 Pin=P4-3
Added Net: Name=NetM0_15
Added Pin To Net: NetName=NetM0_16 Pin=M0-16
Added Pin To Net: NetName=NetM0_16 Pin=P1-5
Added Net: Name=NetM0_16
Added Pin To Net: NetName=NetM0_17 Pin=M0-17
Added Pin To Net: NetName=NetM0_17 Pin=P7-9
Added Net: Name=NetM0_17
Added Pin To Net: NetName=NetM0_18 Pin=M0-18
Added Pin To Net: NetName=NetM0_18 Pin=P4-2
Added Net: Name=NetM0_18
Added Pin To Net: NetName=NetM0_21 Pin=M0-21
Added Pin To Net: NetName=NetM0_21 Pin=P7-11
Added Net: Name=NetM0_21
Added Pin To Net: NetName=NetM0_23 Pin=M0-23
Added Pin To Net: NetName=NetM0_23 Pin=P2-6
Added Net: Name=NetM0_23
Added Pin To Net: NetName=NetM0_26 Pin=M0-26
Added Pin To Net: NetName=NetM0_26 Pin=P2-7
Added Net: Name=NetM0_26
Added Pin To Net: NetName=NetM0_27 Pin=M0-27
Added Pin To Net: NetName=NetM0_27 Pin=P1-6
Added Net: Name=NetM0_27
Added Pin To Net: NetName=NetM0_30 Pin=M0-30
Added Pin To Net: NetName=NetM0_30 Pin=P9-4
Added Net: Name=NetM0_30
Added Pin To Net: NetName=NetM0_31 Pin=M0-31
Added Pin To Net: NetName=NetM0_31 Pin=P9-5
Added Net: Name=NetM0_31
Added Pin To Net: NetName=NetM0_34 Pin=M0-34
Added Pin To Net: NetName=NetM0_34 Pin=P7-6
Added Net: Name=NetM0_34
Added Pin To Net: NetName=NetM0_35 Pin=M0-35
Added Pin To Net: NetName=NetM0_35 Pin=P7-8
Added Net: Name=NetM0_35
Added Pin To Net: NetName=NetM0_36 Pin=M0-36
Added Pin To Net: NetName=NetM0_36 Pin=P7-10
Added Net: Name=NetM0_36
Added Pin To Net: NetName=NetM0_37 Pin=M0-37
Added Pin To Net: NetName=NetM0_37 Pin=P7-12
Added Net: Name=NetM0_37
Added Pin To Net: NetName=NetM0_52 Pin=M0-52
Added Pin To Net: NetName=NetM0_52 Pin=P9-7
Added Net: Name=NetM0_52
Added Pin To Net: NetName=NetM0_53 Pin=M0-53
Added Pin To Net: NetName=NetM0_53 Pin=P9-6
Added Net: Name=NetM0_53
Added Pin To Net: NetName=NetM0_58 Pin=M0-58
Added Pin To Net: NetName=NetM0_58 Pin=P1-8
Added Net: Name=NetM0_58
Added Pin To Net: NetName=NetM0_59 Pin=M0-59
Added Pin To Net: NetName=NetM0_59 Pin=P1-7
Added Net: Name=NetM0_59
Added Pin To Net: NetName=NetM0_61 Pin=M0-61
Added Pin To Net: NetName=NetM0_61 Pin=P1-4
Added Net: Name=NetM0_61
Added Pin To Net: NetName=NetM0_62 Pin=M0-62
Added Pin To Net: NetName=NetM0_62 Pin=P1-3
Added Net: Name=NetM0_62
Added Pin To Net: NetName=NetM0_64 Pin=M0-64
Added Pin To Net: NetName=NetM0_64 Pin=P1-2
Added Net: Name=NetM0_64
Added Pin To Net: NetName=NetM0_66 Pin=M0-66
Added Pin To Net: NetName=NetM0_66 Pin=P1-1
Added Net: Name=NetM0_66
Added Pin To Net: NetName=NetM0_76 Pin=M0-76
Added Pin To Net: NetName=NetM0_76 Pin=P7-7
Added Net: Name=NetM0_76
Added Pin To Net: NetName=NetM0_77 Pin=M0-77
Added Pin To Net: NetName=NetM0_77 Pin=P7-5
Added Net: Name=NetM0_77
Added Pin To Net: NetName=NetM0_78 Pin=M0-78
Added Pin To Net: NetName=NetM0_78 Pin=P7-3
Added Net: Name=NetM0_78
Added Pin To Net: NetName=NetM0_79 Pin=M0-79
Added Pin To Net: NetName=NetM0_79 Pin=P7-1
Added Net: Name=NetM0_79
Added Pin To Net: NetName=NetM0_80 Pin=M0-80
Added Pin To Net: NetName=NetM0_80 Pin=P3-1
Added Net: Name=NetM0_80
Added Pin To Net: NetName=NetM0_81 Pin=M0-81
Added Pin To Net: NetName=NetM0_81 Pin=R1-2
Added Pin To Net: NetName=NetM0_81 Pin=R2-1
Added Net: Name=NetM0_81
Added Class: Name=总板
Added Room: Name=总板
